-- The C compiler identification is GNU 11.4.0
-- The CXX compiler identification is GNU 11.4.0
-- Detecting C compiler ABI info
-- Detecting C compiler ABI info - done
-- Check for working C compiler: /usr/bin/cc - skipped
-- Detecting C compile features
-- Detecting C compile features - done
-- Detecting CXX compiler ABI info
-- Detecting CXX compiler ABI info - done
-- Check for working CXX compiler: /usr/bin/c++ - skipped
-- Detecting CXX compile features
-- Detecting CXX compile features - done
-- Found ament_cmake: 1.3.12 (/opt/ros/humble/share/ament_cmake/cmake)
-- Found Python3: /usr/bin/python3 (found version "3.10.12") found components: Interpreter 
-- Override CMake install command with custom implementation using symlinks instead of copying resources
-- Found rclcpp: 16.0.16 (/opt/ros/humble/share/rclcpp/cmake)
-- Found rosidl_generator_c: 3.1.7 (/opt/ros/humble/share/rosidl_generator_c/cmake)
-- Found rosidl_adapter: 3.1.7 (/opt/ros/humble/share/rosidl_adapter/cmake)
-- Found rosidl_generator_cpp: 3.1.7 (/opt/ros/humble/share/rosidl_generator_cpp/cmake)
-- Using all available rosidl_typesupport_c: rosidl_typesupport_fastrtps_c;rosidl_typesupport_introspection_c
-- Using all available rosidl_typesupport_cpp: rosidl_typesupport_fastrtps_cpp;rosidl_typesupport_introspection_cpp
-- Found rmw_implementation_cmake: 6.1.2 (/opt/ros/humble/share/rmw_implementation_cmake/cmake)
-- Found rmw_fastrtps_cpp: 6.2.9 (/opt/ros/humble/share/rmw_fastrtps_cpp/cmake)
-- Found OpenSSL: /usr/lib/x86_64-linux-gnu/libcrypto.so (found version "3.0.2")  
-- Found FastRTPS: /opt/ros/humble/include  
-- Using RMW implementation 'rmw_fastrtps_cpp' as default
-- Looking for pthread.h
-- Looking for pthread.h - found
-- Performing Test CMAKE_HAVE_LIBC_PTHREAD
-- Performing Test CMAKE_HAVE_LIBC_PTHREAD - Success
-- Found Threads: TRUE  
-- Found rclcpp_components: 16.0.16 (/opt/ros/humble/share/rclcpp_components/cmake)
-- Found sensor_msgs: 4.9.0 (/opt/ros/humble/share/sensor_msgs/cmake)
-- Found visualization_msgs: 4.9.0 (/opt/ros/humble/share/visualization_msgs/cmake)
-- Found cv_bridge: 3.2.1 (/opt/ros/humble/share/cv_bridge/cmake)
-- Found image_transport: 3.1.12 (/opt/ros/humble/share/image_transport/cmake)
-- Found tf2: 0.25.17 (/opt/ros/humble/share/tf2/cmake)
-- Found tf2_ros: 0.25.17 (/opt/ros/humble/share/tf2_ros/cmake)
-- Found OpenCV: /usr (found version "4.5.4") 
-- Found rm_interfaces: 1.0.0 (/home/lin/auto-aim/install/rm_interfaces/share/rm_interfaces/cmake)
-- Configuring done
-- Generating done
-- Build files have been written to: /home/lin/auto-aim/build/rm_auto_aim
[ 10%] [32mBuilding CXX object CMakeFiles/armor_detector.dir/src/detector/pnp_solver.cpp.o[0m
[ 20%] [32mBuilding CXX object CMakeFiles/armor_detector.dir/src/detector/detector.cpp.o[0m
[ 30%] [32mBuilding CXX object CMakeFiles/armor_solver.dir/src/solver/extended_kalman_filter.cpp.o[0m
[ 40%] [32mBuilding CXX object CMakeFiles/armor_solver.dir/src/solver/armor_tracker.cpp.o[0m
In file included from [01m[K/home/lin/auto-aim/src/rm_auto_aim/src/detector/pnp_solver.cpp:1[m[K:
[01m[K/home/lin/auto-aim/src/rm_auto_aim/include/rm_auto_aim/detector/pnp_solver.hpp:3:10:[m[K [01;31m[Kfatal error: [m[KEigen/Dense: æ²¡æœ‰é‚£ä¸ªæ–‡ä»¶æˆ–ç›®å½•
    3 | #include [01;31m[K<Eigen/Dense>[m[K
      |          [01;31m[K^~~~~~~~~~~~~[m[K
compilation terminated.
gmake[2]: *** [CMakeFiles/armor_detector.dir/build.make:90ï¼šCMakeFiles/armor_detector.dir/src/detector/pnp_solver.cpp.o] é”™è¯¯ 1
gmake[2]: *** æ­£åœ¨ç­‰å¾…æœªå®Œæˆçš„ä»»åŠ¡....
[01m[K/home/lin/auto-aim/src/rm_auto_aim/src/detector/detector.cpp:[m[K In member function â€˜[01m[Krm_auto_aim::Color rm_auto_aim::ArmorDetector::classifyLightColor(const cv::Mat&, const cv::RotatedRect&) const[m[Kâ€™:
[01m[K/home/lin/auto-aim/src/rm_auto_aim/src/detector/detector.cpp:119:23:[m[K [01;31m[Kerror: [m[Kno matching function for call to â€˜[01m[KfillConvexPoly(cv::MatExpr&, std::vector<cv::Point_<int> >&, cv::Scalar)[m[Kâ€™
  119 |     [01;31m[Kcv::fillConvexPoly(mask, roi_pts, cv::Scalar(255))[m[K;
      |     [01;31m[K~~~~~~~~~~~~~~~~~~^~~~~~~~~~~~~~~~~~~~~~~~~~~~~~~~[m[K
In file included from [01m[K/home/lin/auto-aim/src/rm_auto_aim/include/rm_auto_aim/detector/detector.hpp:4[m[K,
                 from [01m[K/home/lin/auto-aim/src/rm_auto_aim/src/detector/detector.cpp:1[m[K:
[01m[K/usr/include/opencv4/opencv2/imgproc.hpp:4545:19:[m[K [01;36m[Knote: [m[Kcandidate: â€˜[01m[Kvoid cv::fillConvexPoly(cv::InputOutputArray, cv::InputArray, const Scalar&, int, int)[m[Kâ€™
 4545 | CV_EXPORTS_W void [01;36m[KfillConvexPoly[m[K(InputOutputArray img, InputArray points,
      |                   [01;36m[K^~~~~~~~~~~~~~[m[K
[01m[K/usr/include/opencv4/opencv2/imgproc.hpp:4545:51:[m[K [01;36m[Knote: [m[K  no known conversion for argument 1 from â€˜[01m[Kcv::MatExpr[m[Kâ€™ to â€˜[01m[Kcv::InputOutputArray[m[Kâ€™ {aka â€˜[01m[Kconst cv::_InputOutputArray&[m[Kâ€™}
 4545 | CV_EXPORTS_W void fillConvexPoly([01;36m[KInputOutputArray img[m[K, InputArray points,
      |                                  [01;36m[K~~~~~~~~~~~~~~~~~^~~[m[K
[01m[K/usr/include/opencv4/opencv2/imgproc.hpp:4550:17:[m[K [01;36m[Knote: [m[Kcandidate: â€˜[01m[Kvoid cv::fillConvexPoly(cv::InputOutputArray, const Point*, int, const Scalar&, int, int)[m[Kâ€™
 4550 | CV_EXPORTS void [01;36m[KfillConvexPoly[m[K(InputOutputArray img, const Point* pts, int npts,
      |                 [01;36m[K^~~~~~~~~~~~~~[m[K
[01m[K/usr/include/opencv4/opencv2/imgproc.hpp:4550:17:[m[K [01;36m[Knote: [m[K  candidate expects 6 arguments, 3 provided
gmake[2]: *** [CMakeFiles/armor_detector.dir/build.make:76ï¼šCMakeFiles/armor_detector.dir/src/detector/detector.cpp.o] é”™è¯¯ 1
gmake[1]: *** [CMakeFiles/Makefile2:143ï¼šCMakeFiles/armor_detector.dir/all] é”™è¯¯ 2
gmake[1]: *** æ­£åœ¨ç­‰å¾…æœªå®Œæˆçš„ä»»åŠ¡....
[ 50%] [32m[1mLinking CXX shared library libarmor_solver.so[0m
[ 50%] Built target armor_solver
gmake: *** [Makefile:146ï¼šall] é”™è¯¯ 2
