[0.015s] Invoking command in '/home/lin/auto-aim/build/rm_auto_aim': AMENT_PREFIX_PATH=/home/lin/auto-aim/install/rm_interfaces:${AMENT_PREFIX_PATH} CMAKE_PREFIX_PATH=/home/lin/auto-aim/install/rm_interfaces:/opt/ros/humble LD_LIBRARY_PATH=/home/lin/auto-aim/install/rm_interfaces/lib:/opt/MVS/lib/64:/opt/MVS/lib/32:/opt/ros/humble/opt/rviz_ogre_vendor/lib:/opt/ros/humble/lib/x86_64-linux-gnu:/opt/ros/humble/lib:/opt/MVS/lib/64:/opt/MVS/lib/32:/opt/MVS/lib/64:/opt/MVS/lib/32 PYTHONPATH=/home/lin/auto-aim/install/rm_interfaces/local/lib/python3.10/dist-packages:${PYTHONPATH} /usr/bin/cmake /home/lin/auto-aim/src/rm_auto_aim -DAMENT_CMAKE_SYMLINK_INSTALL=1 -DCMAKE_INSTALL_PREFIX=/home/lin/auto-aim/install/rm_auto_aim
[0.060s] -- The C compiler identification is GNU 11.4.0
[0.099s] -- The CXX compiler identification is GNU 11.4.0
[0.108s] -- Detecting C compiler ABI info
[0.173s] -- Detecting C compiler ABI info - done
[0.176s] -- Check for working C compiler: /usr/bin/cc - skipped
[0.176s] -- Detecting C compile features
[0.176s] -- Detecting C compile features - done
[0.178s] -- Detecting CXX compiler ABI info
[0.242s] -- Detecting CXX compiler ABI info - done
[0.248s] -- Check for working CXX compiler: /usr/bin/c++ - skipped
[0.248s] -- Detecting CXX compile features
[0.249s] -- Detecting CXX compile features - done
[0.252s] -- Found ament_cmake: 1.3.12 (/opt/ros/humble/share/ament_cmake/cmake)
[0.362s] -- Found Python3: /usr/bin/python3 (found version "3.10.12") found components: Interpreter 
[0.404s] -- Override CMake install command with custom implementation using symlinks instead of copying resources
[0.422s] -- Found rclcpp: 16.0.16 (/opt/ros/humble/share/rclcpp/cmake)
[0.450s] -- Found rosidl_generator_c: 3.1.7 (/opt/ros/humble/share/rosidl_generator_c/cmake)
[0.452s] -- Found rosidl_adapter: 3.1.7 (/opt/ros/humble/share/rosidl_adapter/cmake)
[0.456s] -- Found rosidl_generator_cpp: 3.1.7 (/opt/ros/humble/share/rosidl_generator_cpp/cmake)
[0.464s] -- Using all available rosidl_typesupport_c: rosidl_typesupport_fastrtps_c;rosidl_typesupport_introspection_c
[0.472s] -- Using all available rosidl_typesupport_cpp: rosidl_typesupport_fastrtps_cpp;rosidl_typesupport_introspection_cpp
[0.518s] -- Found rmw_implementation_cmake: 6.1.2 (/opt/ros/humble/share/rmw_implementation_cmake/cmake)
[0.522s] -- Found rmw_fastrtps_cpp: 6.2.9 (/opt/ros/humble/share/rmw_fastrtps_cpp/cmake)
[0.645s] -- Found OpenSSL: /usr/lib/x86_64-linux-gnu/libcrypto.so (found version "3.0.2")  
[0.668s] -- Found FastRTPS: /opt/ros/humble/include  
[0.698s] -- Using RMW implementation 'rmw_fastrtps_cpp' as default
[0.716s] -- Looking for pthread.h
[0.780s] -- Looking for pthread.h - found
[0.781s] -- Performing Test CMAKE_HAVE_LIBC_PTHREAD
[0.853s] -- Performing Test CMAKE_HAVE_LIBC_PTHREAD - Success
[0.854s] -- Found Threads: TRUE  
[0.911s] -- Found rclcpp_components: 16.0.16 (/opt/ros/humble/share/rclcpp_components/cmake)
[0.948s] -- Found sensor_msgs: 4.9.0 (/opt/ros/humble/share/sensor_msgs/cmake)
[1.013s] -- Found visualization_msgs: 4.9.0 (/opt/ros/humble/share/visualization_msgs/cmake)
[1.034s] -- Found cv_bridge: 3.2.1 (/opt/ros/humble/share/cv_bridge/cmake)
[1.038s] -- Found image_transport: 3.1.12 (/opt/ros/humble/share/image_transport/cmake)
[1.056s] -- Found tf2: 0.25.17 (/opt/ros/humble/share/tf2/cmake)
[1.061s] -- Found tf2_ros: 0.25.17 (/opt/ros/humble/share/tf2_ros/cmake)
[1.160s] -- Found OpenCV: /usr (found version "4.5.4") 
[1.168s] -- Found rm_interfaces: 1.0.0 (/home/lin/auto-aim/install/rm_interfaces/share/rm_interfaces/cmake)
[1.228s] -- Configuring done
[1.252s] -- Generating done
[1.268s] -- Build files have been written to: /home/lin/auto-aim/build/rm_auto_aim
[1.273s] Invoked command in '/home/lin/auto-aim/build/rm_auto_aim' returned '0': AMENT_PREFIX_PATH=/home/lin/auto-aim/install/rm_interfaces:${AMENT_PREFIX_PATH} CMAKE_PREFIX_PATH=/home/lin/auto-aim/install/rm_interfaces:/opt/ros/humble LD_LIBRARY_PATH=/home/lin/auto-aim/install/rm_interfaces/lib:/opt/MVS/lib/64:/opt/MVS/lib/32:/opt/ros/humble/opt/rviz_ogre_vendor/lib:/opt/ros/humble/lib/x86_64-linux-gnu:/opt/ros/humble/lib:/opt/MVS/lib/64:/opt/MVS/lib/32:/opt/MVS/lib/64:/opt/MVS/lib/32 PYTHONPATH=/home/lin/auto-aim/install/rm_interfaces/local/lib/python3.10/dist-packages:${PYTHONPATH} /usr/bin/cmake /home/lin/auto-aim/src/rm_auto_aim -DAMENT_CMAKE_SYMLINK_INSTALL=1 -DCMAKE_INSTALL_PREFIX=/home/lin/auto-aim/install/rm_auto_aim
[1.274s] Invoking command in '/home/lin/auto-aim/build/rm_auto_aim': AMENT_PREFIX_PATH=/home/lin/auto-aim/install/rm_interfaces:${AMENT_PREFIX_PATH} CMAKE_PREFIX_PATH=/home/lin/auto-aim/install/rm_interfaces:/opt/ros/humble LD_LIBRARY_PATH=/home/lin/auto-aim/install/rm_interfaces/lib:/opt/MVS/lib/64:/opt/MVS/lib/32:/opt/ros/humble/opt/rviz_ogre_vendor/lib:/opt/ros/humble/lib/x86_64-linux-gnu:/opt/ros/humble/lib:/opt/MVS/lib/64:/opt/MVS/lib/32:/opt/MVS/lib/64:/opt/MVS/lib/32 PYTHONPATH=/home/lin/auto-aim/install/rm_interfaces/local/lib/python3.10/dist-packages:${PYTHONPATH} /usr/bin/cmake --build /home/lin/auto-aim/build/rm_auto_aim -- -j8 -l8
[1.335s] [ 10%] [32mBuilding CXX object CMakeFiles/armor_detector.dir/src/detector/pnp_solver.cpp.o[0m
[1.337s] [ 20%] [32mBuilding CXX object CMakeFiles/armor_detector.dir/src/detector/detector.cpp.o[0m
[1.345s] [ 30%] [32mBuilding CXX object CMakeFiles/armor_solver.dir/src/solver/extended_kalman_filter.cpp.o[0m
[1.346s] [ 40%] [32mBuilding CXX object CMakeFiles/armor_solver.dir/src/solver/armor_tracker.cpp.o[0m
[1.348s] In file included from [01m[K/home/lin/auto-aim/src/rm_auto_aim/src/detector/pnp_solver.cpp:1[m[K:
[1.348s] [01m[K/home/lin/auto-aim/src/rm_auto_aim/include/rm_auto_aim/detector/pnp_solver.hpp:3:10:[m[K [01;31m[Kfatal error: [m[KEigen/Dense: Ê≤°ÊúâÈÇ£‰∏™Êñá‰ª∂ÊàñÁõÆÂΩï
[1.348s]     3 | #include [01;31m[K<Eigen/Dense>[m[K
[1.348s]       |          [01;31m[K^~~~~~~~~~~~~[m[K
[1.348s] compilation terminated.
[1.349s] gmake[2]: *** [CMakeFiles/armor_detector.dir/build.make:90ÔºöCMakeFiles/armor_detector.dir/src/detector/pnp_solver.cpp.o] ÈîôËØØ 1
[1.349s] gmake[2]: *** Ê≠£Âú®Á≠âÂæÖÊú™ÂÆåÊàêÁöÑ‰ªªÂä°....
[2.258s] [01m[K/home/lin/auto-aim/src/rm_auto_aim/src/detector/detector.cpp:[m[K In member function ‚Äò[01m[Krm_auto_aim::Color rm_auto_aim::ArmorDetector::classifyLightColor(const cv::Mat&, const cv::RotatedRect&) const[m[K‚Äô:
[2.258s] [01m[K/home/lin/auto-aim/src/rm_auto_aim/src/detector/detector.cpp:119:23:[m[K [01;31m[Kerror: [m[Kno matching function for call to ‚Äò[01m[KfillConvexPoly(cv::MatExpr&, std::vector<cv::Point_<int> >&, cv::Scalar)[m[K‚Äô
[2.258s]   119 |     [01;31m[Kcv::fillConvexPoly(mask, roi_pts, cv::Scalar(255))[m[K;
[2.258s]       |     [01;31m[K~~~~~~~~~~~~~~~~~~^~~~~~~~~~~~~~~~~~~~~~~~~~~~~~~~[m[K
[2.258s] In file included from [01m[K/home/lin/auto-aim/src/rm_auto_aim/include/rm_auto_aim/detector/detector.hpp:4[m[K,
[2.258s]                  from [01m[K/home/lin/auto-aim/src/rm_auto_aim/src/detector/detector.cpp:1[m[K:
[2.258s] [01m[K/usr/include/opencv4/opencv2/imgproc.hpp:4545:19:[m[K [01;36m[Knote: [m[Kcandidate: ‚Äò[01m[Kvoid cv::fillConvexPoly(cv::InputOutputArray, cv::InputArray, const Scalar&, int, int)[m[K‚Äô
[2.258s]  4545 | CV_EXPORTS_W void [01;36m[KfillConvexPoly[m[K(InputOutputArray img, InputArray points,
[2.259s]       |                   [01;36m[K^~~~~~~~~~~~~~[m[K
[2.259s] [01m[K/usr/include/opencv4/opencv2/imgproc.hpp:4545:51:[m[K [01;36m[Knote: [m[K  no known conversion for argument 1 from ‚Äò[01m[Kcv::MatExpr[m[K‚Äô to ‚Äò[01m[Kcv::InputOutputArray[m[K‚Äô {aka ‚Äò[01m[Kconst cv::_InputOutputArray&[m[K‚Äô}
[2.259s]  4545 | CV_EXPORTS_W void fillConvexPoly([01;36m[KInputOutputArray img[m[K, InputArray points,
[2.259s]       |                                  [01;36m[K~~~~~~~~~~~~~~~~~^~~[m[K
[2.259s] [01m[K/usr/include/opencv4/opencv2/imgproc.hpp:4550:17:[m[K [01;36m[Knote: [m[Kcandidate: ‚Äò[01m[Kvoid cv::fillConvexPoly(cv::InputOutputArray, const Point*, int, const Scalar&, int, int)[m[K‚Äô
[2.259s]  4550 | CV_EXPORTS void [01;36m[KfillConvexPoly[m[K(InputOutputArray img, const Point* pts, int npts,
[2.259s]       |                 [01;36m[K^~~~~~~~~~~~~~[m[K
[2.259s] [01m[K/usr/include/opencv4/opencv2/imgproc.hpp:4550:17:[m[K [01;36m[Knote: [m[K  candidate expects 6 arguments, 3 provided
[2.409s] gmake[2]: *** [CMakeFiles/armor_detector.dir/build.make:76ÔºöCMakeFiles/armor_detector.dir/src/detector/detector.cpp.o] ÈîôËØØ 1
[2.409s] gmake[1]: *** [CMakeFiles/Makefile2:143ÔºöCMakeFiles/armor_detector.dir/all] ÈîôËØØ 2
[2.409s] gmake[1]: *** Ê≠£Âú®Á≠âÂæÖÊú™ÂÆåÊàêÁöÑ‰ªªÂä°....
[10.392s] [ 50%] [32m[1mLinking CXX shared library libarmor_solver.so[0m
[10.644s] [ 50%] Built target armor_solver
[10.645s] gmake: *** [Makefile:146Ôºöall] ÈîôËØØ 2
[10.648s] Invoked command in '/home/lin/auto-aim/build/rm_auto_aim' returned '2': AMENT_PREFIX_PATH=/home/lin/auto-aim/install/rm_interfaces:${AMENT_PREFIX_PATH} CMAKE_PREFIX_PATH=/home/lin/auto-aim/install/rm_interfaces:/opt/ros/humble LD_LIBRARY_PATH=/home/lin/auto-aim/install/rm_interfaces/lib:/opt/MVS/lib/64:/opt/MVS/lib/32:/opt/ros/humble/opt/rviz_ogre_vendor/lib:/opt/ros/humble/lib/x86_64-linux-gnu:/opt/ros/humble/lib:/opt/MVS/lib/64:/opt/MVS/lib/32:/opt/MVS/lib/64:/opt/MVS/lib/32 PYTHONPATH=/home/lin/auto-aim/install/rm_interfaces/local/lib/python3.10/dist-packages:${PYTHONPATH} /usr/bin/cmake --build /home/lin/auto-aim/build/rm_auto_aim -- -j8 -l8
