[35m[1mConsolidate compiler generated dependencies of target armor_detector[0m
[ 20%] [32mBuilding CXX object CMakeFiles/armor_detector.dir/src/detector/pnp_solver.cpp.o[0m
[ 20%] [32mBuilding CXX object CMakeFiles/armor_detector.dir/src/detector/detector.cpp.o[0m
[ 50%] Built target armor_solver
In file included from [01m[K/home/lin/auto-aim/src/rm_auto_aim/src/detector/pnp_solver.cpp:1[m[K:
[01m[K/home/lin/auto-aim/src/rm_auto_aim/include/rm_auto_aim/detector/pnp_solver.hpp:3:10:[m[K [01;31m[Kfatal error: [m[KEigen/Dense: æ²¡æœ‰é‚£ä¸ªæ–‡ä»¶æˆ–ç›®å½•
    3 | #include [01;31m[K<Eigen/Dense>[m[K
      |          [01;31m[K^~~~~~~~~~~~~[m[K
compilation terminated.
gmake[2]: *** [CMakeFiles/armor_detector.dir/build.make:90ï¼šCMakeFiles/armor_detector.dir/src/detector/pnp_solver.cpp.o] é”™è¯¯ 1
gmake[2]: *** æ­£åœ¨ç­‰å¾…æœªå®Œæˆçš„ä»»åŠ¡....
[35m[1mConsolidate compiler generated dependencies of target armor_solver_node[0m
[ 70%] Built target armor_solver_node
gmake[1]: *** [CMakeFiles/Makefile2:143ï¼šCMakeFiles/armor_detector.dir/all] é”™è¯¯ 2
gmake: *** [Makefile:146ï¼šall] é”™è¯¯ 2
