[0.012s] Invoking command in '/home/lin/auto-aim/build/rm_auto_aim': AMENT_PREFIX_PATH=/home/lin/auto-aim/install/rm_interfaces:${AMENT_PREFIX_PATH} CMAKE_PREFIX_PATH=/home/lin/auto-aim/install/rm_interfaces:/opt/ros/humble LD_LIBRARY_PATH=/home/lin/auto-aim/install/rm_interfaces/lib:/opt/MVS/lib/64:/opt/MVS/lib/32:/opt/ros/humble/opt/rviz_ogre_vendor/lib:/opt/ros/humble/lib/x86_64-linux-gnu:/opt/ros/humble/lib:/opt/MVS/lib/64:/opt/MVS/lib/32:/opt/MVS/lib/64:/opt/MVS/lib/32 PYTHONPATH=/home/lin/auto-aim/install/rm_interfaces/local/lib/python3.10/dist-packages:${PYTHONPATH} /usr/bin/cmake --build /home/lin/auto-aim/build/rm_auto_aim -- -j8 -l8
[0.052s] [35m[1mConsolidate compiler generated dependencies of target armor_solver[0m
[0.055s] [35m[1mConsolidate compiler generated dependencies of target armor_detector[0m
[0.068s] [ 10%] [32mBuilding CXX object CMakeFiles/armor_detector.dir/src/detector/detector.cpp.o[0m
[0.068s] [ 40%] Built target armor_solver
[0.070s] [ 50%] [32mBuilding CXX object CMakeFiles/armor_detector.dir/src/detector/pnp_solver.cpp.o[0m
[0.078s] In file included from [01m[K/home/lin/auto-aim/src/rm_auto_aim/src/detector/pnp_solver.cpp:1[m[K:
[0.078s] [01m[K/home/lin/auto-aim/src/rm_auto_aim/include/rm_auto_aim/detector/pnp_solver.hpp:3:10:[m[K [01;31m[Kfatal error: [m[KEigen/Dense: æ²¡æœ‰é‚£ä¸ªæ–‡ä»¶æˆ–ç›®å½•
[0.078s]     3 | #include [01;31m[K<Eigen/Dense>[m[K
[0.078s]       |          [01;31m[K^~~~~~~~~~~~~[m[K
[0.078s] compilation terminated.
[0.079s] gmake[2]: *** [CMakeFiles/armor_detector.dir/build.make:90ï¼šCMakeFiles/armor_detector.dir/src/detector/pnp_solver.cpp.o] é”™è¯¯ 1
[0.079s] gmake[2]: *** æ­£åœ¨ç­‰å¾…æœªå®Œæˆçš„ä»»åŠ¡....
[0.090s] [ 60%] [32mBuilding CXX object CMakeFiles/armor_solver_node.dir/src/solver/armor_solver_node.cpp.o[0m
[0.614s] [01m[K/home/lin/auto-aim/src/rm_auto_aim/src/detector/detector.cpp:[m[K In member function â€˜[01m[Krm_auto_aim::Color rm_auto_aim::ArmorDetector::classifyLightColor(const cv::Mat&, const cv::RotatedRect&) const[m[Kâ€™:
[0.614s] [01m[K/home/lin/auto-aim/src/rm_auto_aim/src/detector/detector.cpp:119:23:[m[K [01;31m[Kerror: [m[Kno matching function for call to â€˜[01m[KfillConvexPoly(cv::MatExpr&, std::vector<cv::Point_<int> >&, cv::Scalar)[m[Kâ€™
[0.614s]   119 |     [01;31m[Kcv::fillConvexPoly(mask, roi_pts, cv::Scalar(255))[m[K;
[0.614s]       |     [01;31m[K~~~~~~~~~~~~~~~~~~^~~~~~~~~~~~~~~~~~~~~~~~~~~~~~~~[m[K
[0.614s] In file included from [01m[K/home/lin/auto-aim/src/rm_auto_aim/include/rm_auto_aim/detector/detector.hpp:4[m[K,
[0.614s]                  from [01m[K/home/lin/auto-aim/src/rm_auto_aim/src/detector/detector.cpp:1[m[K:
[0.614s] [01m[K/usr/include/opencv4/opencv2/imgproc.hpp:4545:19:[m[K [01;36m[Knote: [m[Kcandidate: â€˜[01m[Kvoid cv::fillConvexPoly(cv::InputOutputArray, cv::InputArray, const Scalar&, int, int)[m[Kâ€™
[0.614s]  4545 | CV_EXPORTS_W void [01;36m[KfillConvexPoly[m[K(InputOutputArray img, InputArray points,
[0.614s]       |                   [01;36m[K^~~~~~~~~~~~~~[m[K
[0.614s] [01m[K/usr/include/opencv4/opencv2/imgproc.hpp:4545:51:[m[K [01;36m[Knote: [m[K  no known conversion for argument 1 from â€˜[01m[Kcv::MatExpr[m[Kâ€™ to â€˜[01m[Kcv::InputOutputArray[m[Kâ€™ {aka â€˜[01m[Kconst cv::_InputOutputArray&[m[Kâ€™}
[0.614s]  4545 | CV_EXPORTS_W void fillConvexPoly([01;36m[KInputOutputArray img[m[K, InputArray points,
[0.614s]       |                                  [01;36m[K~~~~~~~~~~~~~~~~~^~~[m[K
[0.614s] [01m[K/usr/include/opencv4/opencv2/imgproc.hpp:4550:17:[m[K [01;36m[Knote: [m[Kcandidate: â€˜[01m[Kvoid cv::fillConvexPoly(cv::InputOutputArray, const Point*, int, const Scalar&, int, int)[m[Kâ€™
[0.614s]  4550 | CV_EXPORTS void [01;36m[KfillConvexPoly[m[K(InputOutputArray img, const Point* pts, int npts,
[0.614s]       |                 [01;36m[K^~~~~~~~~~~~~~[m[K
[0.614s] [01m[K/usr/include/opencv4/opencv2/imgproc.hpp:4550:17:[m[K [01;36m[Knote: [m[K  candidate expects 6 arguments, 3 provided
[0.884s] gmake[2]: *** [CMakeFiles/armor_detector.dir/build.make:76ï¼šCMakeFiles/armor_detector.dir/src/detector/detector.cpp.o] é”™è¯¯ 1
[0.884s] gmake[1]: *** [CMakeFiles/Makefile2:143ï¼šCMakeFiles/armor_detector.dir/all] é”™è¯¯ 2
[0.884s] gmake[1]: *** æ­£åœ¨ç­‰å¾…æœªå®Œæˆçš„ä»»åŠ¡....
[12.230s] [ 70%] [32m[1mLinking CXX shared library libarmor_solver_node.so[0m
[12.680s] [ 70%] Built target armor_solver_node
[12.681s] gmake: *** [Makefile:146ï¼šall] é”™è¯¯ 2
[12.684s] Invoked command in '/home/lin/auto-aim/build/rm_auto_aim' returned '2': AMENT_PREFIX_PATH=/home/lin/auto-aim/install/rm_interfaces:${AMENT_PREFIX_PATH} CMAKE_PREFIX_PATH=/home/lin/auto-aim/install/rm_interfaces:/opt/ros/humble LD_LIBRARY_PATH=/home/lin/auto-aim/install/rm_interfaces/lib:/opt/MVS/lib/64:/opt/MVS/lib/32:/opt/ros/humble/opt/rviz_ogre_vendor/lib:/opt/ros/humble/lib/x86_64-linux-gnu:/opt/ros/humble/lib:/opt/MVS/lib/64:/opt/MVS/lib/32:/opt/MVS/lib/64:/opt/MVS/lib/32 PYTHONPATH=/home/lin/auto-aim/install/rm_interfaces/local/lib/python3.10/dist-packages:${PYTHONPATH} /usr/bin/cmake --build /home/lin/auto-aim/build/rm_auto_aim -- -j8 -l8
